# JRE version: OpenJDK Runtime Environment (17.0.7) (build 17.0.7+0-b2043.56-10550314)
# Java VM: OpenJDK 64-Bit Server VM (17.0.7+0-b2043.56-10550314, mixed mode, tiered, compressed oops, compressed class ptrs, g1 gc, windows-amd64)
GC Precious Log:
 CPUs: 16 total, 16 available
 Memory: 16158M
 Large Page Support: Disabled
 NUMA Support: Disabled
 Compressed Oops: Enabled (32-bit)
 Heap Region Size: 1M
 Heap Min Capacity: 8M
 Heap Initial Capacity: 254M
 Heap Max Capacity: 2G
 Pre-touch: Disabled
 Parallel Workers: 13
 Concurrent Workers: 3
 Concurrent Refinement Workers: 13
 Periodic GC: Disabled
Heap:
 garbage-first heap   total 210944K, used 156879K [0x0000000080000000, 0x0000000100000000)
  region size 1024K, 39 young (39936K), 6 survivors (6144K)
 Metaspace       used 107143K, committed 107968K, reserved 1179648K
  class space    used 14677K, committed 15104K, reserved 1048576K
GC Heap History (20 events):
Event: 10.206 GC heap before
{Heap before GC invocations=35 (full 0):
 garbage-first heap   total 167936K, used 137587K [0x0000000080000000, 0x0000000100000000)
  region size 1024K, 51 young (52224K), 4 survivors (4096K)
 Metaspace       used 91892K, committed 92480K, reserved 1179648K
  class space    used 12663K, committed 12928K, reserved 1048576K
}
Event: 10.210 GC heap after
{Heap after GC invocations=36 (full 0):
 garbage-first heap   total 167936K, used 92087K [0x0000000080000000, 0x0000000100000000)
  region size 1024K, 6 young (6144K), 6 survivors (6144K)
 Metaspace       used 91892K, committed 92480K, reserved 1179648K
  class space    used 12663K, committed 12928K, reserved 1048576K
}
Event: 10.225 GC heap before
{Heap before GC invocations=36 (full 0):
 garbage-first heap   total 167936K, used 94135K [0x0000000080000000, 0x0000000100000000)
  region size 1024K, 8 young (8192K), 6 survivors (6144K)
 Metaspace       used 92050K, committed 92672K, reserved 1179648K
  class space    used 12697K, committed 12992K, reserved 1048576K
}
Event: 10.229 GC heap after
{Heap after GC invocations=37 (full 0):
 garbage-first heap   total 201728K, used 91940K [0x0000000080000000, 0x0000000100000000)
  region size 1024K, 1 young (1024K), 1 survivors (1024K)
 Metaspace       used 92050K, committed 92672K, reserved 1179648K
  class space    used 12697K, committed 12992K, reserved 1048576K
}
Event: 11.016 GC heap before
{Heap before GC invocations=37 (full 0):
 garbage-first heap   total 201728K, used 165668K [0x0000000080000000, 0x0000000100000000)
  region size 1024K, 73 young (74752K), 1 survivors (1024K)
 Metaspace       used 96624K, committed 97344K, reserved 1179648K
  class space    used 13291K, committed 13632K, reserved 1048576K
}
Event: 11.022 GC heap after
{Heap after GC invocations=38 (full 0):
 garbage-first heap   total 201728K, used 98169K [0x0000000080000000, 0x0000000100000000)
  region size 1024K, 8 young (8192K), 8 survivors (8192K)
 Metaspace       used 96624K, committed 97344K, reserved 1179648K
  class space    used 13291K, committed 13632K, reserved 1048576K
}
Event: 12.043 GC heap before
{Heap before GC invocations=38 (full 0):
 garbage-first heap   total 201728K, used 163705K [0x0000000080000000, 0x0000000100000000)
  region size 1024K, 72 young (73728K), 8 survivors (8192K)
 Metaspace       used 98908K, committed 99584K, reserved 1179648K
  class space    used 13758K, committed 14080K, reserved 1048576K
}
Event: 12.052 GC heap after
{Heap after GC invocations=39 (full 0):
 garbage-first heap   total 201728K, used 107252K [0x0000000080000000, 0x0000000100000000)
  region size 1024K, 9 young (9216K), 9 survivors (9216K)
 Metaspace       used 98908K, committed 99584K, reserved 1179648K
  class space    used 13758K, committed 14080K, reserved 1048576K
}
Event: 12.237 GC heap before
{Heap before GC invocations=39 (full 0):
 garbage-first heap   total 201728K, used 164596K [0x0000000080000000, 0x0000000100000000)
  region size 1024K, 65 young (66560K), 9 survivors (9216K)
 Metaspace       used 99211K, committed 99840K, reserved 1179648K
  class space    used 13837K, committed 14144K, reserved 1048576K
}
Event: 12.247 GC heap after
{Heap after GC invocations=40 (full 0):
 garbage-first heap   total 201728K, used 112807K [0x0000000080000000, 0x0000000100000000)
  region size 1024K, 6 young (6144K), 6 survivors (6144K)
 Metaspace       used 99211K, committed 99840K, reserved 1179648K
  class space    used 13837K, committed 14144K, reserved 1048576K
}
Event: 12.727 GC heap before
{Heap before GC invocations=41 (full 0):
 garbage-first heap   total 203776K, used 164007K [0x0000000080000000, 0x0000000100000000)
  region size 1024K, 57 young (58368K), 6 survivors (6144K)
 Metaspace       used 99813K, committed 100544K, reserved 1179648K
  class space    used 13875K, committed 14208K, reserved 1048576K
}
Event: 12.733 GC heap after
{Heap after GC invocations=42 (full 0):
 garbage-first heap   total 203776K, used 116699K [0x0000000080000000, 0x0000000100000000)
  region size 1024K, 7 young (7168K), 7 survivors (7168K)
 Metaspace       used 99813K, committed 100544K, reserved 1179648K
  class space    used 13875K, committed 14208K, reserved 1048576K
}
Event: 12.739 GC heap before
{Heap before GC invocations=42 (full 0):
 garbage-first heap   total 203776K, used 118747K [0x0000000080000000, 0x0000000100000000)
  region size 1024K, 9 young (9216K), 7 survivors (7168K)
 Metaspace       used 99819K, committed 100544K, reserved 1179648K
  class space    used 13875K, committed 14208K, reserved 1048576K
}
Event: 12.743 GC heap after
{Heap after GC invocations=43 (full 0):
 garbage-first heap   total 203776K, used 115665K [0x0000000080000000, 0x0000000100000000)
  region size 1024K, 2 young (2048K), 2 survivors (2048K)
 Metaspace       used 99819K, committed 100544K, reserved 1179648K
  class space    used 13875K, committed 14208K, reserved 1048576K
}
Event: 13.423 GC heap before
{Heap before GC invocations=43 (full 0):
 garbage-first heap   total 203776K, used 169937K [0x0000000080000000, 0x0000000100000000)
  region size 1024K, 51 young (52224K), 2 survivors (2048K)
 Metaspace       used 103468K, committed 104192K, reserved 1179648K
  class space    used 14239K, committed 14592K, reserved 1048576K
}
Event: 13.427 GC heap after
{Heap after GC invocations=44 (full 0):
 garbage-first heap   total 203776K, used 119227K [0x0000000080000000, 0x0000000100000000)
  region size 1024K, 5 young (5120K), 5 survivors (5120K)
 Metaspace       used 103468K, committed 104192K, reserved 1179648K
  class space    used 14239K, committed 14592K, reserved 1048576K
}
Event: 13.794 GC heap before
{Heap before GC invocations=44 (full 0):
 garbage-first heap   total 203776K, used 166331K [0x0000000080000000, 0x0000000100000000)
  region size 1024K, 52 young (53248K), 5 survivors (5120K)
 Metaspace       used 103785K, committed 104512K, reserved 1179648K
  class space    used 14290K, committed 14656K, reserved 1048576K
}
Event: 13.798 GC heap after
{Heap after GC invocations=45 (full 0):
 garbage-first heap   total 203776K, used 121242K [0x0000000080000000, 0x0000000100000000)
  region size 1024K, 5 young (5120K), 5 survivors (5120K)
 Metaspace       used 103785K, committed 104512K, reserved 1179648K
  class space    used 14290K, committed 14656K, reserved 1048576K
}
Event: 14.309 GC heap before
{Heap before GC invocations=45 (full 0):
 garbage-first heap   total 203776K, used 167322K [0x0000000080000000, 0x0000000100000000)
  region size 1024K, 51 young (52224K), 5 survivors (5120K)
 Metaspace       used 106746K, committed 107520K, reserved 1179648K
  class space    used 14633K, committed 14976K, reserved 1048576K
}
Event: 14.315 GC heap after
{Heap after GC invocations=46 (full 0):
 garbage-first heap   total 203776K, used 125135K [0x0000000080000000, 0x0000000100000000)
  region size 1024K, 6 young (6144K), 6 survivors (6144K)
 Metaspace       used 106746K, committed 107520K, reserved 1179648K
  class space    used 14633K, committed 14976K, reserved 1048576K
}

