# JRE version: OpenJDK Runtime Environment (17.0.7) (build 17.0.7+0-b2043.56-10550314)
# Java VM: OpenJDK 64-Bit Server VM (17.0.7+0-b2043.56-10550314, mixed mode, tiered, compressed oops, compressed class ptrs, g1 gc, windows-amd64)
GC Precious Log:
 CPUs: 16 total, 16 available
 Memory: 16158M
 Large Page Support: Disabled
 NUMA Support: Disabled
 Compressed Oops: Enabled (32-bit)
 Heap Region Size: 1M
 Heap Min Capacity: 8M
 Heap Initial Capacity: 254M
 Heap Max Capacity: 2G
 Pre-touch: Disabled
 Parallel Workers: 13
 Concurrent Workers: 3
 Concurrent Refinement Workers: 13
 Periodic GC: Disabled
Heap:
 garbage-first heap   total 416768K, used 152879K [0x0000000080000000, 0x0000000100000000)
  region size 1024K, 1 young (1024K), 1 survivors (1024K)
 Metaspace       used 150220K, committed 152384K, reserved 1245184K
  class space    used 20717K, committed 21824K, reserved 1048576K
GC Heap History (20 events):
Event: 2699.602 GC heap after
{Heap after GC invocations=121 (full 0):
 garbage-first heap   total 416768K, used 154131K [0x0000000080000000, 0x0000000100000000)
  region size 1024K, 2 young (2048K), 2 survivors (2048K)
 Metaspace       used 149285K, committed 151424K, reserved 1179648K
  class space    used 20714K, committed 21760K, reserved 1048576K
}
Event: 2824.011 GC heap before
{Heap before GC invocations=121 (full 0):
 garbage-first heap   total 416768K, used 348691K [0x0000000080000000, 0x0000000100000000)
  region size 1024K, 193 young (197632K), 2 survivors (2048K)
 Metaspace       used 149467K, committed 151616K, reserved 1179648K
  class space    used 20714K, committed 21760K, reserved 1048576K
}
Event: 2824.018 GC heap after
{Heap after GC invocations=122 (full 0):
 garbage-first heap   total 416768K, used 164955K [0x0000000080000000, 0x0000000100000000)
  region size 1024K, 13 young (13312K), 13 survivors (13312K)
 Metaspace       used 149467K, committed 151616K, reserved 1179648K
  class space    used 20714K, committed 21760K, reserved 1048576K
}
Event: 2916.422 GC heap before
{Heap before GC invocations=123 (full 0):
 garbage-first heap   total 416768K, used 365659K [0x0000000080000000, 0x0000000100000000)
  region size 1024K, 188 young (192512K), 13 survivors (13312K)
 Metaspace       used 149645K, committed 151808K, reserved 1179648K
  class space    used 20715K, committed 21760K, reserved 1048576K
}
Event: 2916.432 GC heap after
{Heap after GC invocations=124 (full 0):
 garbage-first heap   total 416768K, used 164717K [0x0000000080000000, 0x0000000100000000)
  region size 1024K, 13 young (13312K), 13 survivors (13312K)
 Metaspace       used 149645K, committed 151808K, reserved 1179648K
  class space    used 20715K, committed 21760K, reserved 1048576K
}
Event: 2916.472 GC heap before
{Heap before GC invocations=124 (full 0):
 garbage-first heap   total 416768K, used 170861K [0x0000000080000000, 0x0000000100000000)
  region size 1024K, 20 young (20480K), 13 survivors (13312K)
 Metaspace       used 149660K, committed 151808K, reserved 1179648K
  class space    used 20715K, committed 21760K, reserved 1048576K
}
Event: 2916.481 GC heap after
{Heap after GC invocations=125 (full 0):
 garbage-first heap   total 416768K, used 151186K [0x0000000080000000, 0x0000000100000000)
  region size 1024K, 3 young (3072K), 3 survivors (3072K)
 Metaspace       used 149660K, committed 151808K, reserved 1179648K
  class space    used 20715K, committed 21760K, reserved 1048576K
}
Event: 2916.569 GC heap before
{Heap before GC invocations=125 (full 0):
 garbage-first heap   total 416768K, used 159378K [0x0000000080000000, 0x0000000100000000)
  region size 1024K, 12 young (12288K), 3 survivors (3072K)
 Metaspace       used 149675K, committed 151808K, reserved 1179648K
  class space    used 20715K, committed 21760K, reserved 1048576K
}
Event: 2916.572 GC heap after
{Heap after GC invocations=126 (full 0):
 garbage-first heap   total 416768K, used 149861K [0x0000000080000000, 0x0000000100000000)
  region size 1024K, 1 young (1024K), 1 survivors (1024K)
 Metaspace       used 149675K, committed 151808K, reserved 1179648K
  class space    used 20715K, committed 21760K, reserved 1048576K
}
Event: 3039.870 GC heap before
{Heap before GC invocations=127 (full 0):
 garbage-first heap   total 416768K, used 392549K [0x0000000080000000, 0x0000000100000000)
  region size 1024K, 194 young (198656K), 1 survivors (1024K)
 Metaspace       used 150058K, committed 152320K, reserved 1245184K
  class space    used 20743K, committed 21824K, reserved 1048576K
}
Event: 3039.877 GC heap after
{Heap after GC invocations=128 (full 0):
 garbage-first heap   total 416768K, used 156816K [0x0000000080000000, 0x0000000100000000)
  region size 1024K, 9 young (9216K), 9 survivors (9216K)
 Metaspace       used 150058K, committed 152320K, reserved 1245184K
  class space    used 20743K, committed 21824K, reserved 1048576K
}
Event: 3040.008 GC heap before
{Heap before GC invocations=128 (full 0):
 garbage-first heap   total 416768K, used 167056K [0x0000000080000000, 0x0000000100000000)
  region size 1024K, 20 young (20480K), 9 survivors (9216K)
 Metaspace       used 150064K, committed 152320K, reserved 1245184K
  class space    used 20743K, committed 21824K, reserved 1048576K
}
Event: 3040.020 GC heap after
{Heap after GC invocations=129 (full 0):
 garbage-first heap   total 416768K, used 151095K [0x0000000080000000, 0x0000000100000000)
  region size 1024K, 2 young (2048K), 2 survivors (2048K)
 Metaspace       used 150064K, committed 152320K, reserved 1245184K
  class space    used 20743K, committed 21824K, reserved 1048576K
}
Event: 3040.982 GC heap before
{Heap before GC invocations=129 (full 0):
 garbage-first heap   total 416768K, used 181815K [0x0000000080000000, 0x0000000100000000)
  region size 1024K, 34 young (34816K), 2 survivors (2048K)
 Metaspace       used 150156K, committed 152384K, reserved 1245184K
  class space    used 20743K, committed 21824K, reserved 1048576K
}
Event: 3040.985 GC heap after
{Heap after GC invocations=130 (full 0):
 garbage-first heap   total 416768K, used 151416K [0x0000000080000000, 0x0000000100000000)
  region size 1024K, 2 young (2048K), 2 survivors (2048K)
 Metaspace       used 150156K, committed 152384K, reserved 1245184K
  class space    used 20743K, committed 21824K, reserved 1048576K
}
Event: 3132.534 GC heap before
{Heap before GC invocations=131 (full 0):
 garbage-first heap   total 416768K, used 363384K [0x0000000080000000, 0x0000000100000000)
  region size 1024K, 187 young (191488K), 2 survivors (2048K)
 Metaspace       used 150173K, committed 152384K, reserved 1245184K
  class space    used 20717K, committed 21824K, reserved 1048576K
}
Event: 3132.541 GC heap after
{Heap after GC invocations=132 (full 0):
 garbage-first heap   total 416768K, used 160180K [0x0000000080000000, 0x0000000100000000)
  region size 1024K, 11 young (11264K), 11 survivors (11264K)
 Metaspace       used 150173K, committed 152384K, reserved 1245184K
  class space    used 20717K, committed 21824K, reserved 1048576K
}
Event: 3132.559 GC heap before
{Heap before GC invocations=132 (full 0):
 garbage-first heap   total 416768K, used 169396K [0x0000000080000000, 0x0000000100000000)
  region size 1024K, 20 young (20480K), 11 survivors (11264K)
 Metaspace       used 150176K, committed 152384K, reserved 1245184K
  class space    used 20717K, committed 21824K, reserved 1048576K
}
Event: 3132.568 GC heap after
{Heap after GC invocations=133 (full 0):
 garbage-first heap   total 416768K, used 153856K [0x0000000080000000, 0x0000000100000000)
  region size 1024K, 2 young (2048K), 2 survivors (2048K)
 Metaspace       used 150176K, committed 152384K, reserved 1245184K
  class space    used 20717K, committed 21824K, reserved 1048576K
}
Event: 3132.668 GC heap before
{Heap before GC invocations=133 (full 0):
 garbage-first heap   total 416768K, used 168192K [0x0000000080000000, 0x0000000100000000)
  region size 1024K, 18 young (18432K), 2 survivors (2048K)
 Metaspace       used 150220K, committed 152384K, reserved 1245184K
  class space    used 20717K, committed 21824K, reserved 1048576K
}

