# JRE version: OpenJDK Runtime Environment (17.0.7) (build 17.0.7+0-b2043.56-10550314)
# Java VM: OpenJDK 64-Bit Server VM (17.0.7+0-b2043.56-10550314, mixed mode, tiered, compressed oops, compressed class ptrs, g1 gc, windows-amd64)
GC Precious Log:
 CPUs: 16 total, 16 available
 Memory: 16158M
 Large Page Support: Disabled
 NUMA Support: Disabled
 Compressed Oops: Enabled (32-bit)
 Heap Region Size: 1M
 Heap Min Capacity: 8M
 Heap Initial Capacity: 254M
 Heap Max Capacity: 2G
 Pre-touch: Disabled
 Parallel Workers: 13
 Concurrent Workers: 3
 Concurrent Refinement Workers: 13
 Periodic GC: Disabled
Heap:
 garbage-first heap   total 273408K, used 138436K [0x0000000080000000, 0x0000000100000000)
  region size 1024K, 14 young (14336K), 10 survivors (10240K)
 Metaspace       used 112400K, committed 113216K, reserved 1179648K
  class space    used 15334K, committed 15744K, reserved 1048576K
GC Heap History (20 events):
Event: 10.817 GC heap before
{Heap before GC invocations=44 (full 0):
 garbage-first heap   total 164864K, used 93132K [0x0000000080000000, 0x0000000100000000)
  region size 1024K, 8 young (8192K), 6 survivors (6144K)
 Metaspace       used 90950K, committed 91584K, reserved 1179648K
  class space    used 12522K, committed 12800K, reserved 1048576K
}
Event: 10.821 GC heap after
{Heap after GC invocations=45 (full 0):
 garbage-first heap   total 164864K, used 91274K [0x0000000080000000, 0x0000000100000000)
  region size 1024K, 1 young (1024K), 1 survivors (1024K)
 Metaspace       used 90950K, committed 91584K, reserved 1179648K
  class space    used 12522K, committed 12800K, reserved 1048576K
}
Event: 11.318 GC heap before
{Heap before GC invocations=45 (full 0):
 garbage-first heap   total 164864K, used 135306K [0x0000000080000000, 0x0000000100000000)
  region size 1024K, 44 young (45056K), 1 survivors (1024K)
 Metaspace       used 95259K, committed 95936K, reserved 1179648K
  class space    used 13116K, committed 13440K, reserved 1048576K
}
Event: 11.321 GC heap after
{Heap after GC invocations=46 (full 0):
 garbage-first heap   total 164864K, used 93017K [0x0000000080000000, 0x0000000100000000)
  region size 1024K, 3 young (3072K), 3 survivors (3072K)
 Metaspace       used 95259K, committed 95936K, reserved 1179648K
  class space    used 13116K, committed 13440K, reserved 1048576K
}
Event: 11.778 GC heap before
{Heap before GC invocations=46 (full 0):
 garbage-first heap   total 164864K, used 136025K [0x0000000080000000, 0x0000000100000000)
  region size 1024K, 45 young (46080K), 3 survivors (3072K)
 Metaspace       used 96806K, committed 97472K, reserved 1179648K
  class space    used 13338K, committed 13632K, reserved 1048576K
}
Event: 11.782 GC heap after
{Heap after GC invocations=47 (full 0):
 garbage-first heap   total 164864K, used 97816K [0x0000000080000000, 0x0000000100000000)
  region size 1024K, 6 young (6144K), 6 survivors (6144K)
 Metaspace       used 96806K, committed 97472K, reserved 1179648K
  class space    used 13338K, committed 13632K, reserved 1048576K
}
Event: 12.280 GC heap before
{Heap before GC invocations=47 (full 0):
 garbage-first heap   total 164864K, used 135704K [0x0000000080000000, 0x0000000100000000)
  region size 1024K, 43 young (44032K), 6 survivors (6144K)
 Metaspace       used 97179K, committed 97856K, reserved 1179648K
  class space    used 13404K, committed 13696K, reserved 1048576K
}
Event: 12.288 GC heap after
{Heap after GC invocations=48 (full 0):
 garbage-first heap   total 164864K, used 103760K [0x0000000080000000, 0x0000000100000000)
  region size 1024K, 6 young (6144K), 6 survivors (6144K)
 Metaspace       used 97179K, committed 97856K, reserved 1179648K
  class space    used 13404K, committed 13696K, reserved 1048576K
}
Event: 12.870 GC heap before
{Heap before GC invocations=48 (full 0):
 garbage-first heap   total 164864K, used 136528K [0x0000000080000000, 0x0000000100000000)
  region size 1024K, 38 young (38912K), 6 survivors (6144K)
 Metaspace       used 99218K, committed 99968K, reserved 1179648K
  class space    used 13841K, committed 14208K, reserved 1048576K
}
Event: 12.877 GC heap after
{Heap after GC invocations=49 (full 0):
 garbage-first heap   total 273408K, used 109412K [0x0000000080000000, 0x0000000100000000)
  region size 1024K, 5 young (5120K), 5 survivors (5120K)
 Metaspace       used 99218K, committed 99968K, reserved 1179648K
  class space    used 13841K, committed 14208K, reserved 1048576K
}
Event: 13.521 GC heap before
{Heap before GC invocations=49 (full 0):
 garbage-first heap   total 273408K, used 212836K [0x0000000080000000, 0x0000000100000000)
  region size 1024K, 107 young (109568K), 5 survivors (5120K)
 Metaspace       used 99925K, committed 100736K, reserved 1179648K
  class space    used 13898K, committed 14272K, reserved 1048576K
}
Event: 13.530 GC heap after
{Heap after GC invocations=50 (full 0):
 garbage-first heap   total 273408K, used 116099K [0x0000000080000000, 0x0000000100000000)
  region size 1024K, 12 young (12288K), 12 survivors (12288K)
 Metaspace       used 99925K, committed 100736K, reserved 1179648K
  class space    used 13898K, committed 14272K, reserved 1048576K
}
Event: 14.043 GC heap before
{Heap before GC invocations=50 (full 0):
 garbage-first heap   total 273408K, used 216451K [0x0000000080000000, 0x0000000100000000)
  region size 1024K, 111 young (113664K), 12 survivors (12288K)
 Metaspace       used 100499K, committed 101184K, reserved 1179648K
  class space    used 13943K, committed 14272K, reserved 1048576K
}
Event: 14.052 GC heap after
{Heap after GC invocations=51 (full 0):
 garbage-first heap   total 273408K, used 121235K [0x0000000080000000, 0x0000000100000000)
  region size 1024K, 8 young (8192K), 8 survivors (8192K)
 Metaspace       used 100499K, committed 101184K, reserved 1179648K
  class space    used 13943K, committed 14272K, reserved 1048576K
}
Event: 14.810 GC heap before
{Heap before GC invocations=51 (full 0):
 garbage-first heap   total 273408K, used 226707K [0x0000000080000000, 0x0000000100000000)
  region size 1024K, 84 young (86016K), 8 survivors (8192K)
 Metaspace       used 104280K, committed 105088K, reserved 1179648K
  class space    used 14336K, committed 14720K, reserved 1048576K
}
Event: 14.817 GC heap after
{Heap after GC invocations=52 (full 0):
 garbage-first heap   total 273408K, used 141368K [0x0000000080000000, 0x0000000100000000)
  region size 1024K, 9 young (9216K), 9 survivors (9216K)
 Metaspace       used 104280K, committed 105088K, reserved 1179648K
  class space    used 14336K, committed 14720K, reserved 1048576K
}
Event: 2485.069 GC heap before
{Heap before GC invocations=52 (full 0):
 garbage-first heap   total 273408K, used 231480K [0x0000000080000000, 0x0000000100000000)
  region size 1024K, 89 young (91136K), 9 survivors (9216K)
 Metaspace       used 105865K, committed 106688K, reserved 1179648K
  class space    used 14531K, committed 14912K, reserved 1048576K
}
Event: 2485.086 GC heap after
{Heap after GC invocations=53 (full 0):
 garbage-first heap   total 273408K, used 127734K [0x0000000080000000, 0x0000000100000000)
  region size 1024K, 2 young (2048K), 2 survivors (2048K)
 Metaspace       used 105865K, committed 106688K, reserved 1179648K
  class space    used 14531K, committed 14912K, reserved 1048576K
}
Event: 3181.609 GC heap before
{Heap before GC invocations=53 (full 0):
 garbage-first heap   total 273408K, used 223990K [0x0000000080000000, 0x0000000100000000)
  region size 1024K, 97 young (99328K), 2 survivors (2048K)
 Metaspace       used 112004K, committed 112768K, reserved 1179648K
  class space    used 15287K, committed 15680K, reserved 1048576K
}
Event: 3181.619 GC heap after
{Heap after GC invocations=54 (full 0):
 garbage-first heap   total 273408K, used 135364K [0x0000000080000000, 0x0000000100000000)
  region size 1024K, 10 young (10240K), 10 survivors (10240K)
 Metaspace       used 112004K, committed 112768K, reserved 1179648K
  class space    used 15287K, committed 15680K, reserved 1048576K
}

